<?xml version="1.0" encoding="UTF-8"?>
<testng-results ignored="0" total="2" passed="2" failed="0" skipped="0">
  <reporter-output>
  </reporter-output>
  <suite started-at="2020-09-20T13:54:47 CEST" name="Suite" finished-at="2020-09-20T13:54:47 CEST" duration-ms="50">
    <groups>
    </groups>
    <test started-at="2020-09-20T13:54:47 CEST" name="Test" finished-at="2020-09-20T13:54:47 CEST" duration-ms="50">
      <class name="testsForMarket.ShopTest">
        <test-method signature="shouldSuccessfullyMakePurchase()[pri:1, instance:testsForMarket.ShopTest@d706f19]" started-at="2020-09-20T13:54:47 CEST" name="shouldSuccessfullyMakePurchase" finished-at="2020-09-20T13:54:47 CEST" duration-ms="16" status="PASS">
          <reporter-output>
          </reporter-output>
        </test-method> <!-- shouldSuccessfullyMakePurchase -->
        <test-method is-config="true" signature="cleanup()[pri:0, instance:testsForMarket.ShopTest@d706f19]" started-at="2020-09-20T13:54:47 CEST" name="cleanup" finished-at="2020-09-20T13:54:47 CEST" duration-ms="1" status="PASS">
          <reporter-output>
          </reporter-output>
        </test-method> <!-- cleanup -->
        <test-method signature="shouldCorrectlyDecreaseBalance()[pri:2, instance:testsForMarket.ShopTest@d706f19]" started-at="2020-09-20T13:54:47 CEST" name="shouldCorrectlyDecreaseBalance" finished-at="2020-09-20T13:54:47 CEST" duration-ms="1" status="PASS">
          <reporter-output>
          </reporter-output>
        </test-method> <!-- shouldCorrectlyDecreaseBalance -->
        <test-method is-config="true" signature="cleanup()[pri:0, instance:testsForMarket.ShopTest@d706f19]" started-at="2020-09-20T13:54:47 CEST" name="cleanup" finished-at="2020-09-20T13:54:47 CEST" duration-ms="0" status="PASS">
          <reporter-output>
          </reporter-output>
        </test-method> <!-- cleanup -->
      </class> <!-- testsForMarket.ShopTest -->
    </test> <!-- Test -->
  </suite> <!-- Suite -->
</testng-results>
